<?xml version="1.0" encoding="UTF-8" ?>
<testsuite errors="1" failures="0" hostname="OMX999Y6KWL" name="com.bos.cache.impl.CacheFactoryImplTest" tests="1" time="0.0" timestamp="2009-04-20T21:10:26">
  <properties>
    <property name="java.runtime.name" value="Java(TM) 2 Runtime Environment, Standard Edition" />
    <property name="sun.boot.library.path" value="C:\jdk1.5.0_16\jre\bin" />
    <property name="java.vm.version" value="1.5.0_16-b02" />
    <property name="java.vm.vendor" value="Sun Microsystems Inc." />
    <property name="java.vendor.url" value="http://java.sun.com/" />
    <property name="path.separator" value=";" />
    <property name="java.vm.name" value="Java HotSpot(TM) Client VM" />
    <property name="file.encoding.pkg" value="sun.io" />
    <property name="user.country" value="US" />
    <property name="sun.java.launcher" value="SUN_STANDARD" />
    <property name="sun.os.patch.level" value="Service Pack 2" />
    <property name="java.vm.specification.name" value="Java Virtual Machine Specification" />
    <property name="user.dir" value="D:\apps\cache\src" />
    <property name="java.runtime.version" value="1.5.0_16-b02" />
    <property name="java.awt.graphicsenv" value="sun.awt.Win32GraphicsEnvironment" />
    <property name="java.endorsed.dirs" value="C:\jdk1.5.0_16\jre\lib\endorsed" />
    <property name="os.arch" value="x86" />
    <property name="java.io.tmpdir" value="C:\DOCUME~1\I0360B6\LOCALS~1\Temp\" />
    <property name="line.separator" value="
" />
    <property name="java.vm.specification.vendor" value="Sun Microsystems Inc." />
    <property name="user.variant" value="" />
    <property name="os.name" value="Windows XP" />
    <property name="sun.jnu.encoding" value="Cp1252" />
    <property name="java.library.path" value="C:\jdk1.5.0_16\jre\bin;.;C:\WINDOWS\system32;C:\WINDOWS;D:\oracle\ora81\bin;C:\Program Files\Windows Resource Kits\Tools\;C:\WINDOWS\system32;C:\WINDOWS;C:\WINDOWS\System32\Wbem;;C:\Program Files\RSA Security\RSA SecurID Software Token\;C:\jdk1.5.0_16\bin;d:\apps\vim\vim63;C:\tibco\tibrv\BIN;D:\apps\apache-ant-1.7.1\bin;C:\Program Files\jEdit;c:\cygwin\bin;C:\Program Files\ATI Technologies\ATI Control Panel;c:\jadnt157;C:\jdk1.5.0_16\bin;C:\Program Files\GNU\WinCvs 1.3;C:\Program Files\QuickTime\QTSystem\;D:\apps\jruby-1.1.6\bin" />
    <property name="java.specification.name" value="Java Platform API Specification" />
    <property name="java.class.version" value="49.0" />
    <property name="sun.management.compiler" value="HotSpot Client Compiler" />
    <property name="os.version" value="5.1" />
    <property name="user.home" value="C:\Documents and Settings\I0360B6" />
    <property name="user.timezone" value="" />
    <property name="java.awt.printerjob" value="sun.awt.windows.WPrinterJob" />
    <property name="file.encoding" value="Cp1252" />
    <property name="java.specification.version" value="1.5" />
    <property name="user.name" value="i0360b6" />
    <property name="java.class.path" value="C:\Program Files\NetBeans 6.1\java2\ant\lib\ant.jar;C:\Program Files\NetBeans 6.1\java2\ant\lib\ant-junit.jar;D:\apps\b2bomx\jars\commons-logging-1.0.4.jar;D:\apps\b2bomx\jars\log4j-1.2.8.jar;C:\Program Files\NetBeans 6.1\java2\modules\ext\junit-4.1.jar;D:\apps\cache\src\build\classes;C:\Program Files\NetBeans 6.1\java2\modules\ext\junit-3.8.2.jar;D:\apps\cache\src\build\test\classes" />
    <property name="java.vm.specification.version" value="1.0" />
    <property name="sun.arch.data.model" value="32" />
    <property name="java.home" value="C:\jdk1.5.0_16\jre" />
    <property name="java.specification.vendor" value="Sun Microsystems Inc." />
    <property name="user.language" value="en" />
    <property name="awt.toolkit" value="sun.awt.windows.WToolkit" />
    <property name="java.vm.info" value="mixed mode" />
    <property name="java.version" value="1.5.0_16" />
    <property name="java.ext.dirs" value="C:\jdk1.5.0_16\jre\lib\ext" />
    <property name="sun.boot.class.path" value="C:\jdk1.5.0_16\jre\lib\rt.jar;C:\jdk1.5.0_16\jre\lib\i18n.jar;C:\jdk1.5.0_16\jre\lib\sunrsasign.jar;C:\jdk1.5.0_16\jre\lib\jsse.jar;C:\jdk1.5.0_16\jre\lib\jce.jar;C:\jdk1.5.0_16\jre\lib\charsets.jar;C:\jdk1.5.0_16\jre\classes" />
    <property name="java.vendor" value="Sun Microsystems Inc." />
    <property name="file.separator" value="\" />
    <property name="java.vendor.url.bug" value="http://java.sun.com/cgi-bin/bugreport.cgi" />
    <property name="sun.cpu.endian" value="little" />
    <property name="sun.io.unicode.encoding" value="UnicodeLittle" />
    <property name="sun.desktop" value="windows" />
    <property name="sun.cpu.isalist" value="pentium_pro+mmx pentium_pro pentium+mmx pentium i486 i386 i86" />
  </properties>
  <error message="com.bos.cache.impl.CacheFactoryImplTest" type="java.lang.ClassNotFoundException">java.lang.ClassNotFoundException: com.bos.cache.impl.CacheFactoryImplTest
	at java.net.URLClassLoader$1.run(URLClassLoader.java:200)
	at java.security.AccessController.doPrivileged(Native Method)
	at java.net.URLClassLoader.findClass(URLClassLoader.java:188)
	at java.lang.ClassLoader.loadClass(ClassLoader.java:306)
	at sun.misc.Launcher$AppClassLoader.loadClass(Launcher.java:268)
	at java.lang.ClassLoader.loadClass(ClassLoader.java:251)
	at java.lang.ClassLoader.loadClassInternal(ClassLoader.java:319)
	at java.lang.Class.forName0(Native Method)
	at java.lang.Class.forName(Class.java:164)
</error>
  <system-out><![CDATA[]]></system-out>
  <system-err><![CDATA[]]></system-err>
</testsuite>
